{
  "RSpec": {
    "coverage": {
      "/home/ricardo/Escritorio/AyD_Taller_TrucoArgentino/app.rb": {
        "lines": [
          1,
          1,
          1,
          1,
          1,
          1,
          1,
          1,
          1,
          null,
          null,
          1,
          null,
          1,
          1,
          null,
          1,
          0,
          null,
          null,
          1,
          0,
          null,
          0,
          null,
          0,
          0,
          0,
          null,
          0,
          null,
          0,
          0,
          null,
          null,
          null,
          null,
          1,
          0,
          null,
          0,
          null,
          0,
          null,
          null,
          null,
          null,
          1,
          0,
          null,
          null,
          null,
          1,
          0,
          0,
          null,
          null,
          null,
          null,
          null,
          0,
          null,
          0,
          null,
          0,
          0,
          null,
          0,
          null,
          null,
          0,
          null,
          null,
          null,
          null,
          1,
          0,
          0,
          0,
          null,
          0,
          null,
          null,
          null,
          1,
          1,
          1,
          null,
          null,
          1,
          0,
          0,
          null,
          null,
          1,
          0,
          null,
          null,
          1,
          0,
          null,
          null,
          1,
          0,
          0,
          0,
          null,
          0,
          0,
          0,
          null,
          null,
          1,
          0,
          0,
          0,
          0,
          null,
          null,
          1,
          0,
          null,
          null,
          1,
          0,
          0,
          0,
          null,
          null,
          1,
          0,
          0,
          null,
          null,
          1,
          0,
          0,
          0,
          0,
          0,
          null,
          null,
          1,
          0,
          0,
          0,
          0,
          null,
          0,
          null,
          null,
          null,
          null,
          1,
          0,
          0,
          0,
          0,
          null,
          0,
          0,
          null,
          0,
          0,
          0,
          0,
          0,
          0,
          null,
          0,
          0,
          0,
          0,
          0,
          0,
          null,
          null,
          null,
          0,
          0,
          0,
          null,
          null,
          0,
          0,
          null,
          null,
          0,
          0,
          null,
          null,
          null,
          0,
          null,
          null,
          null,
          null,
          null,
          1,
          0,
          null,
          0,
          null,
          0,
          null,
          0,
          null,
          0,
          null,
          0,
          null,
          0,
          null,
          0,
          null,
          0,
          null,
          0,
          null,
          0,
          null,
          null,
          null,
          null,
          1
        ]
      },
      "/home/ricardo/Escritorio/AyD_Taller_TrucoArgentino/models/user.rb": {
        "lines": [
          1,
          1,
          1,
          1,
          1,
          null,
          1,
          1,
          1,
          null,
          1,
          null,
          1,
          0,
          0,
          0,
          null,
          0,
          0,
          0,
          null,
          0,
          null,
          0,
          null,
          null
        ]
      },
      "/home/ricardo/Escritorio/AyD_Taller_TrucoArgentino/models/lesson.rb": {
        "lines": [
          1,
          1,
          1,
          1,
          null,
          null
        ]
      },
      "/home/ricardo/Escritorio/AyD_Taller_TrucoArgentino/models/application_record.rb": {
        "lines": [
          1,
          1,
          null
        ]
      },
      "/home/ricardo/Escritorio/AyD_Taller_TrucoArgentino/models/question.rb": {
        "lines": [
          null,
          1,
          null,
          1,
          0,
          null,
          null,
          null
        ]
      },
      "/home/ricardo/Escritorio/AyD_Taller_TrucoArgentino/models/statistic.rb": {
        "lines": [
          1,
          1,
          null,
          null
        ]
      },
      "/home/ricardo/Escritorio/AyD_Taller_TrucoArgentino/models/life.rb": {
        "lines": [
          1,
          1,
          null,
          null
        ]
      },
      "/home/ricardo/Escritorio/AyD_Taller_TrucoArgentino/models/level.rb": {
        "lines": [
          1,
          1,
          null,
          null
        ]
      },
      "/home/ricardo/Escritorio/AyD_Taller_TrucoArgentino/spec/lecciones_spec.rb": {
        "lines": [
          null,
          1,
          1,
          1,
          null,
          1,
          1,
          null,
          1,
          1,
          1,
          null,
          1,
          1,
          1,
          null,
          1,
          null,
          1,
          1,
          null,
          null,
          1,
          null,
          1,
          null,
          null,
          1,
          1,
          1,
          1,
          1,
          null,
          null
        ]
      }
    },
    "timestamp": 1730212436
  }
}
